{
  "D:\\coddoc\\pmSeries\\editor\\indexspec.ts": {
    "path": "D:\\coddoc\\pmSeries\\editor\\indexspec.ts",
    "statementMap": {
      "0": {
        "start": {
          "line": 2,
          "column": 0
        },
        "end": {
          "line": 2,
          "column": 62
        }
      },
      "1": {
        "start": {
          "line": 3,
          "column": 14
        },
        "end": {
          "line": 3,
          "column": 30
        }
      },
      "2": {
        "start": {
          "line": 4,
          "column": 16
        },
        "end": {
          "line": 4,
          "column": 34
        }
      },
      "3": {
        "start": {
          "line": 5,
          "column": 0
        },
        "end": {
          "line": 5,
          "column": 35
        }
      },
      "4": {
        "start": {
          "line": 6,
          "column": 0
        },
        "end": {
          "line": 6,
          "column": 45
        }
      },
      "5": {
        "start": {
          "line": 7,
          "column": 0
        },
        "end": {
          "line": 7,
          "column": 47
        }
      },
      "6": {
        "start": {
          "line": 8,
          "column": 23
        },
        "end": {
          "line": 8,
          "column": 67
        }
      },
      "7": {
        "start": {
          "line": 10,
          "column": 13
        },
        "end": {
          "line": 18,
          "column": 2
        }
      },
      "8": {
        "start": {
          "line": 14,
          "column": 28
        },
        "end": {
          "line": 14,
          "column": 40
        }
      },
      "9": {
        "start": {
          "line": 15,
          "column": 29
        },
        "end": {
          "line": 15,
          "column": 41
        }
      },
      "10": {
        "start": {
          "line": 16,
          "column": 37
        },
        "end": {
          "line": 16,
          "column": 49
        }
      },
      "11": {
        "start": {
          "line": 17,
          "column": 28
        },
        "end": {
          "line": 17,
          "column": 40
        }
      },
      "12": {
        "start": {
          "line": 19,
          "column": 0
        },
        "end": {
          "line": 23,
          "column": 3
        }
      },
      "13": {
        "start": {
          "line": 20,
          "column": 4
        },
        "end": {
          "line": 22,
          "column": 5
        }
      },
      "14": {
        "start": {
          "line": 21,
          "column": 8
        },
        "end": {
          "line": 21,
          "column": 27
        }
      },
      "15": {
        "start": {
          "line": 24,
          "column": 0
        },
        "end": {
          "line": 24,
          "column": 23
        }
      }
    },
    "fnMap": {
      "0": {
        "name": "(anonymous_0)",
        "decl": {
          "start": {
            "line": 14,
            "column": 14
          },
          "end": {
            "line": 14,
            "column": 15
          }
        },
        "loc": {
          "start": {
            "line": 14,
            "column": 26
          },
          "end": {
            "line": 14,
            "column": 42
          }
        },
        "line": 14
      },
      "1": {
        "name": "(anonymous_1)",
        "decl": {
          "start": {
            "line": 15,
            "column": 15
          },
          "end": {
            "line": 15,
            "column": 16
          }
        },
        "loc": {
          "start": {
            "line": 15,
            "column": 27
          },
          "end": {
            "line": 15,
            "column": 43
          }
        },
        "line": 15
      },
      "2": {
        "name": "(anonymous_2)",
        "decl": {
          "start": {
            "line": 16,
            "column": 23
          },
          "end": {
            "line": 16,
            "column": 24
          }
        },
        "loc": {
          "start": {
            "line": 16,
            "column": 35
          },
          "end": {
            "line": 16,
            "column": 51
          }
        },
        "line": 16
      },
      "3": {
        "name": "(anonymous_3)",
        "decl": {
          "start": {
            "line": 17,
            "column": 14
          },
          "end": {
            "line": 17,
            "column": 15
          }
        },
        "loc": {
          "start": {
            "line": 17,
            "column": 26
          },
          "end": {
            "line": 17,
            "column": 42
          }
        },
        "line": 17
      },
      "4": {
        "name": "(anonymous_4)",
        "decl": {
          "start": {
            "line": 19,
            "column": 37
          },
          "end": {
            "line": 19,
            "column": 38
          }
        },
        "loc": {
          "start": {
            "line": 19,
            "column": 50
          },
          "end": {
            "line": 23,
            "column": 1
          }
        },
        "line": 19
      }
    },
    "branchMap": {
      "0": {
        "loc": {
          "start": {
            "line": 11,
            "column": 40
          },
          "end": {
            "line": 11,
            "column": 266
          }
        },
        "type": "binary-expr",
        "locations": [
          {
            "start": {
              "line": 11,
              "column": 40
            },
            "end": {
              "line": 11,
              "column": 56
            }
          },
          {
            "start": {
              "line": 11,
              "column": 61
            },
            "end": {
              "line": 11,
              "column": 265
            }
          }
        ],
        "line": 11
      },
      "1": {
        "loc": {
          "start": {
            "line": 20,
            "column": 4
          },
          "end": {
            "line": 22,
            "column": 5
          }
        },
        "type": "if",
        "locations": [
          {
            "start": {
              "line": 20,
              "column": 4
            },
            "end": {
              "line": 22,
              "column": 5
            }
          },
          {
            "start": {
              "line": 20,
              "column": 4
            },
            "end": {
              "line": 22,
              "column": 5
            }
          }
        ],
        "line": 20
      }
    },
    "s": {
      "0": 4,
      "1": 4,
      "2": 4,
      "3": 4,
      "4": 4,
      "5": 4,
      "6": 4,
      "7": 4,
      "8": 0,
      "9": 0,
      "10": 0,
      "11": 44,
      "12": 4,
      "13": 26,
      "14": 0,
      "15": 4
    },
    "f": {
      "0": 0,
      "1": 0,
      "2": 0,
      "3": 44,
      "4": 26
    },
    "b": {
      "0": [
        4,
        4
      ],
      "1": [
        0,
        26
      ]
    },
    "_coverageSchema": "332fd63041d2c1bcb487cc26dd0d5f7d97098a6c",
    "hash": "3a79cee6c9a95931f8a46b141835c276aa850430"
  },
  "D:\\coddoc\\pmSeries\\editor\\src\\index.ts": {
    "path": "D:\\coddoc\\pmSeries\\editor\\src\\index.ts",
    "statementMap": {
      "0": {
        "start": {
          "line": 2,
          "column": 0
        },
        "end": {
          "line": 2,
          "column": 62
        }
      },
      "1": {
        "start": {
          "line": 3,
          "column": 0
        },
        "end": {
          "line": 3,
          "column": 45
        }
      },
      "2": {
        "start": {
          "line": 4,
          "column": 14
        },
        "end": {
          "line": 4,
          "column": 30
        }
      },
      "3": {
        "start": {
          "line": 5,
          "column": 23
        },
        "end": {
          "line": 5,
          "column": 50
        }
      },
      "4": {
        "start": {
          "line": 6,
          "column": 25
        },
        "end": {
          "line": 6,
          "column": 54
        }
      },
      "5": {
        "start": {
          "line": 7,
          "column": 26
        },
        "end": {
          "line": 7,
          "column": 56
        }
      },
      "6": {
        "start": {
          "line": 8,
          "column": 23
        },
        "end": {
          "line": 8,
          "column": 50
        }
      },
      "7": {
        "start": {
          "line": 9,
          "column": 24
        },
        "end": {
          "line": 9,
          "column": 52
        }
      },
      "8": {
        "start": {
          "line": 10,
          "column": 28
        },
        "end": {
          "line": 10,
          "column": 60
        }
      },
      "9": {
        "start": {
          "line": 11,
          "column": 23
        },
        "end": {
          "line": 11,
          "column": 50
        }
      },
      "10": {
        "start": {
          "line": 12,
          "column": 24
        },
        "end": {
          "line": 12,
          "column": 52
        }
      },
      "11": {
        "start": {
          "line": 13,
          "column": 13
        },
        "end": {
          "line": 13,
          "column": 30
        }
      },
      "12": {
        "start": {
          "line": 14,
          "column": 0
        },
        "end": {
          "line": 14,
          "column": 107
        }
      },
      "13": {
        "start": {
          "line": 14,
          "column": 80
        },
        "end": {
          "line": 14,
          "column": 101
        }
      },
      "14": {
        "start": {
          "line": 15,
          "column": 17
        },
        "end": {
          "line": 15,
          "column": 24
        }
      },
      "15": {
        "start": {
          "line": 16,
          "column": 0
        },
        "end": {
          "line": 16,
          "column": 32
        }
      },
      "16": {
        "start": {
          "line": 17,
          "column": 0
        },
        "end": {
          "line": 17,
          "column": 607
        }
      }
    },
    "fnMap": {
      "0": {
        "name": "(anonymous_0)",
        "decl": {
          "start": {
            "line": 14,
            "column": 66
          },
          "end": {
            "line": 14,
            "column": 67
          }
        },
        "loc": {
          "start": {
            "line": 14,
            "column": 78
          },
          "end": {
            "line": 14,
            "column": 103
          }
        },
        "line": 14
      }
    },
    "branchMap": {},
    "s": {
      "0": 4,
      "1": 4,
      "2": 4,
      "3": 4,
      "4": 4,
      "5": 4,
      "6": 4,
      "7": 4,
      "8": 4,
      "9": 4,
      "10": 4,
      "11": 4,
      "12": 4,
      "13": 4,
      "14": 4,
      "15": 4,
      "16": 4
    },
    "f": {
      "0": 4
    },
    "b": {},
    "_coverageSchema": "332fd63041d2c1bcb487cc26dd0d5f7d97098a6c",
    "hash": "5b6585d1fe51d3708d4cd2374fca4a8aec4edbb9"
  },
  "D:\\coddoc\\pmSeries\\editor\\src\\math_extension\\index.ts": {
    "path": "D:\\coddoc\\pmSeries\\editor\\src\\math_extension\\index.ts",
    "statementMap": {
      "0": {
        "start": {
          "line": 2,
          "column": 0
        },
        "end": {
          "line": 2,
          "column": 62
        }
      },
      "1": {
        "start": {
          "line": 3,
          "column": 0
        },
        "end": {
          "line": 3,
          "column": 32
        }
      },
      "2": {
        "start": {
          "line": 4,
          "column": 23
        },
        "end": {
          "line": 4,
          "column": 58
        }
      },
      "3": {
        "start": {
          "line": 5,
          "column": 19
        },
        "end": {
          "line": 5,
          "column": 42
        }
      },
      "4": {
        "start": {
          "line": 8,
          "column": 19
        },
        "end": {
          "line": 8,
          "column": 50
        }
      },
      "5": {
        "start": {
          "line": 9,
          "column": 20
        },
        "end": {
          "line": 9,
          "column": 52
        }
      },
      "6": {
        "start": {
          "line": 10,
          "column": 14
        },
        "end": {
          "line": 10,
          "column": 38
        }
      },
      "7": {
        "start": {
          "line": 11,
          "column": 22
        },
        "end": {
          "line": 11,
          "column": 57
        }
      },
      "8": {
        "start": {
          "line": 12,
          "column": 0
        },
        "end": {
          "line": 70,
          "column": 2
        }
      },
      "9": {
        "start": {
          "line": 21,
          "column": 37
        },
        "end": {
          "line": 21,
          "column": 87
        }
      },
      "10": {
        "start": {
          "line": 25,
          "column": 42
        },
        "end": {
          "line": 25,
          "column": 83
        }
      },
      "11": {
        "start": {
          "line": 29,
          "column": 30
        },
        "end": {
          "line": 29,
          "column": 83
        }
      },
      "12": {
        "start": {
          "line": 30,
          "column": 12
        },
        "end": {
          "line": 33,
          "column": 14
        }
      },
      "13": {
        "start": {
          "line": 44,
          "column": 37
        },
        "end": {
          "line": 44,
          "column": 88
        }
      },
      "14": {
        "start": {
          "line": 48,
          "column": 42
        },
        "end": {
          "line": 48,
          "column": 94
        }
      },
      "15": {
        "start": {
          "line": 52,
          "column": 31
        },
        "end": {
          "line": 52,
          "column": 85
        }
      },
      "16": {
        "start": {
          "line": 53,
          "column": 12
        },
        "end": {
          "line": 53,
          "column": 123
        }
      },
      "17": {
        "start": {
          "line": 64,
          "column": 29
        },
        "end": {
          "line": 64,
          "column": 44
        }
      },
      "18": {
        "start": {
          "line": 65,
          "column": 12
        },
        "end": {
          "line": 67,
          "column": 14
        }
      }
    },
    "fnMap": {
      "0": {
        "name": "(anonymous_0)",
        "decl": {
          "start": {
            "line": 21,
            "column": 23
          },
          "end": {
            "line": 21,
            "column": 24
          }
        },
        "loc": {
          "start": {
            "line": 21,
            "column": 35
          },
          "end": {
            "line": 21,
            "column": 89
          }
        },
        "line": 21
      },
      "1": {
        "name": "(anonymous_1)",
        "decl": {
          "start": {
            "line": 25,
            "column": 24
          },
          "end": {
            "line": 25,
            "column": 25
          }
        },
        "loc": {
          "start": {
            "line": 25,
            "column": 40
          },
          "end": {
            "line": 25,
            "column": 85
          }
        },
        "line": 25
      },
      "2": {
        "name": "(anonymous_2)",
        "decl": {
          "start": {
            "line": 28,
            "column": 20
          },
          "end": {
            "line": 28,
            "column": 21
          }
        },
        "loc": {
          "start": {
            "line": 28,
            "column": 32
          },
          "end": {
            "line": 34,
            "column": 9
          }
        },
        "line": 28
      },
      "3": {
        "name": "(anonymous_3)",
        "decl": {
          "start": {
            "line": 44,
            "column": 23
          },
          "end": {
            "line": 44,
            "column": 24
          }
        },
        "loc": {
          "start": {
            "line": 44,
            "column": 35
          },
          "end": {
            "line": 44,
            "column": 90
          }
        },
        "line": 44
      },
      "4": {
        "name": "(anonymous_4)",
        "decl": {
          "start": {
            "line": 48,
            "column": 24
          },
          "end": {
            "line": 48,
            "column": 25
          }
        },
        "loc": {
          "start": {
            "line": 48,
            "column": 40
          },
          "end": {
            "line": 48,
            "column": 96
          }
        },
        "line": 48
      },
      "5": {
        "name": "(anonymous_5)",
        "decl": {
          "start": {
            "line": 51,
            "column": 20
          },
          "end": {
            "line": 51,
            "column": 21
          }
        },
        "loc": {
          "start": {
            "line": 51,
            "column": 32
          },
          "end": {
            "line": 54,
            "column": 9
          }
        },
        "line": 51
      },
      "6": {
        "name": "(anonymous_6)",
        "decl": {
          "start": {
            "line": 63,
            "column": 21
          },
          "end": {
            "line": 63,
            "column": 22
          }
        },
        "loc": {
          "start": {
            "line": 63,
            "column": 33
          },
          "end": {
            "line": 68,
            "column": 9
          }
        },
        "line": 63
      }
    },
    "branchMap": {},
    "s": {
      "0": 4,
      "1": 4,
      "2": 4,
      "3": 4,
      "4": 4,
      "5": 4,
      "6": 4,
      "7": 4,
      "8": 4,
      "9": 0,
      "10": 0,
      "11": 4,
      "12": 4,
      "13": 0,
      "14": 0,
      "15": 4,
      "16": 4,
      "17": 4,
      "18": 4
    },
    "f": {
      "0": 0,
      "1": 0,
      "2": 4,
      "3": 0,
      "4": 0,
      "5": 4,
      "6": 4
    },
    "b": {},
    "_coverageSchema": "332fd63041d2c1bcb487cc26dd0d5f7d97098a6c",
    "hash": "79da9f394a33f8a742583f5169f14e2f8f6dee48"
  },
  "D:\\coddoc\\pmSeries\\editor\\src\\math_extension\\plugins\\mathInputrules.ts": {
    "path": "D:\\coddoc\\pmSeries\\editor\\src\\math_extension\\plugins\\mathInputrules.ts",
    "statementMap": {
      "0": {
        "start": {
          "line": 2,
          "column": 0
        },
        "end": {
          "line": 2,
          "column": 62
        }
      },
      "1": {
        "start": {
          "line": 3,
          "column": 0
        },
        "end": {
          "line": 3,
          "column": 230
        }
      },
      "2": {
        "start": {
          "line": 4,
          "column": 31
        },
        "end": {
          "line": 4,
          "column": 64
        }
      },
      "3": {
        "start": {
          "line": 5,
          "column": 26
        },
        "end": {
          "line": 5,
          "column": 54
        }
      },
      "4": {
        "start": {
          "line": 8,
          "column": 0
        },
        "end": {
          "line": 8,
          "column": 47
        }
      },
      "5": {
        "start": {
          "line": 9,
          "column": 0
        },
        "end": {
          "line": 16,
          "column": 5
        }
      },
      "6": {
        "start": {
          "line": 10,
          "column": 4
        },
        "end": {
          "line": 15,
          "column": 5
        }
      },
      "7": {
        "start": {
          "line": 11,
          "column": 8
        },
        "end": {
          "line": 11,
          "column": 44
        }
      },
      "8": {
        "start": {
          "line": 14,
          "column": 8
        },
        "end": {
          "line": 14,
          "column": 49
        }
      },
      "9": {
        "start": {
          "line": 17,
          "column": 0
        },
        "end": {
          "line": 17,
          "column": 57
        }
      },
      "10": {
        "start": {
          "line": 18,
          "column": 0
        },
        "end": {
          "line": 18,
          "column": 46
        }
      },
      "11": {
        "start": {
          "line": 21,
          "column": 4
        },
        "end": {
          "line": 39,
          "column": 7
        }
      },
      "12": {
        "start": {
          "line": 23,
          "column": 21
        },
        "end": {
          "line": 23,
          "column": 45
        }
      },
      "13": {
        "start": {
          "line": 24,
          "column": 20
        },
        "end": {
          "line": 24,
          "column": 77
        }
      },
      "14": {
        "start": {
          "line": 26,
          "column": 8
        },
        "end": {
          "line": 26,
          "column": 88
        }
      },
      "15": {
        "start": {
          "line": 27,
          "column": 8
        },
        "end": {
          "line": 27,
          "column": 103
        }
      },
      "16": {
        "start": {
          "line": 28,
          "column": 8
        },
        "end": {
          "line": 29,
          "column": 24
        }
      },
      "17": {
        "start": {
          "line": 29,
          "column": 12
        },
        "end": {
          "line": 29,
          "column": 24
        }
      },
      "18": {
        "start": {
          "line": 30,
          "column": 8
        },
        "end": {
          "line": 34,
          "column": 9
        }
      },
      "19": {
        "start": {
          "line": 31,
          "column": 12
        },
        "end": {
          "line": 33,
          "column": 13
        }
      },
      "20": {
        "start": {
          "line": 32,
          "column": 16
        },
        "end": {
          "line": 32,
          "column": 28
        }
      },
      "21": {
        "start": {
          "line": 35,
          "column": 17
        },
        "end": {
          "line": 37,
          "column": 56
        }
      },
      "22": {
        "start": {
          "line": 38,
          "column": 8
        },
        "end": {
          "line": 38,
          "column": 113
        }
      },
      "23": {
        "start": {
          "line": 41,
          "column": 0
        },
        "end": {
          "line": 41,
          "column": 56
        }
      },
      "24": {
        "start": {
          "line": 44,
          "column": 4
        },
        "end": {
          "line": 56,
          "column": 7
        }
      },
      "25": {
        "start": {
          "line": 45,
          "column": 21
        },
        "end": {
          "line": 45,
          "column": 45
        }
      },
      "26": {
        "start": {
          "line": 45,
          "column": 54
        },
        "end": {
          "line": 45,
          "column": 76
        }
      },
      "27": {
        "start": {
          "line": 45,
          "column": 86
        },
        "end": {
          "line": 45,
          "column": 100
        }
      },
      "28": {
        "start": {
          "line": 47,
          "column": 20
        },
        "end": {
          "line": 47,
          "column": 77
        }
      },
      "29": {
        "start": {
          "line": 49,
          "column": 8
        },
        "end": {
          "line": 51,
          "column": 9
        }
      },
      "30": {
        "start": {
          "line": 50,
          "column": 12
        },
        "end": {
          "line": 50,
          "column": 24
        }
      },
      "31": {
        "start": {
          "line": 52,
          "column": 24
        },
        "end": {
          "line": 52,
          "column": 77
        }
      },
      "32": {
        "start": {
          "line": 52,
          "column": 84
        },
        "end": {
          "line": 54,
          "column": 67
        }
      },
      "33": {
        "start": {
          "line": 55,
          "column": 8
        },
        "end": {
          "line": 55,
          "column": 93
        }
      },
      "34": {
        "start": {
          "line": 58,
          "column": 0
        },
        "end": {
          "line": 58,
          "column": 58
        }
      }
    },
    "fnMap": {
      "0": {
        "name": "(anonymous_0)",
        "decl": {
          "start": {
            "line": 9,
            "column": 45
          },
          "end": {
            "line": 9,
            "column": 46
          }
        },
        "loc": {
          "start": {
            "line": 9,
            "column": 57
          },
          "end": {
            "line": 16,
            "column": 1
          }
        },
        "line": 9
      },
      "1": {
        "name": "makeBlockMathInputrule",
        "decl": {
          "start": {
            "line": 20,
            "column": 9
          },
          "end": {
            "line": 20,
            "column": 31
          }
        },
        "loc": {
          "start": {
            "line": 20,
            "column": 61
          },
          "end": {
            "line": 40,
            "column": 1
          }
        },
        "line": 20
      },
      "2": {
        "name": "(anonymous_2)",
        "decl": {
          "start": {
            "line": 21,
            "column": 59
          },
          "end": {
            "line": 21,
            "column": 60
          }
        },
        "loc": {
          "start": {
            "line": 21,
            "column": 95
          },
          "end": {
            "line": 39,
            "column": 5
          }
        },
        "line": 21
      },
      "3": {
        "name": "makeInlineMathInputRule",
        "decl": {
          "start": {
            "line": 43,
            "column": 9
          },
          "end": {
            "line": 43,
            "column": 32
          }
        },
        "loc": {
          "start": {
            "line": 43,
            "column": 62
          },
          "end": {
            "line": 57,
            "column": 1
          }
        },
        "line": 43
      },
      "4": {
        "name": "(anonymous_4)",
        "decl": {
          "start": {
            "line": 44,
            "column": 59
          },
          "end": {
            "line": 44,
            "column": 60
          }
        },
        "loc": {
          "start": {
            "line": 44,
            "column": 95
          },
          "end": {
            "line": 56,
            "column": 5
          }
        },
        "line": 44
      }
    },
    "branchMap": {
      "0": {
        "loc": {
          "start": {
            "line": 24,
            "column": 20
          },
          "end": {
            "line": 24,
            "column": 77
          }
        },
        "type": "cond-expr",
        "locations": [
          {
            "start": {
              "line": 24,
              "column": 51
            },
            "end": {
              "line": 24,
              "column": 66
            }
          },
          {
            "start": {
              "line": 24,
              "column": 69
            },
            "end": {
              "line": 24,
              "column": 77
            }
          }
        ],
        "line": 24
      },
      "1": {
        "loc": {
          "start": {
            "line": 28,
            "column": 8
          },
          "end": {
            "line": 29,
            "column": 24
          }
        },
        "type": "if",
        "locations": [
          {
            "start": {
              "line": 28,
              "column": 8
            },
            "end": {
              "line": 29,
              "column": 24
            }
          },
          {
            "start": {
              "line": 28,
              "column": 8
            },
            "end": {
              "line": 29,
              "column": 24
            }
          }
        ],
        "line": 28
      },
      "2": {
        "loc": {
          "start": {
            "line": 30,
            "column": 8
          },
          "end": {
            "line": 34,
            "column": 9
          }
        },
        "type": "if",
        "locations": [
          {
            "start": {
              "line": 30,
              "column": 8
            },
            "end": {
              "line": 34,
              "column": 9
            }
          },
          {
            "start": {
              "line": 30,
              "column": 8
            },
            "end": {
              "line": 34,
              "column": 9
            }
          }
        ],
        "line": 30
      },
      "3": {
        "loc": {
          "start": {
            "line": 31,
            "column": 12
          },
          "end": {
            "line": 33,
            "column": 13
          }
        },
        "type": "if",
        "locations": [
          {
            "start": {
              "line": 31,
              "column": 12
            },
            "end": {
              "line": 33,
              "column": 13
            }
          },
          {
            "start": {
              "line": 31,
              "column": 12
            },
            "end": {
              "line": 33,
              "column": 13
            }
          }
        ],
        "line": 31
      },
      "4": {
        "loc": {
          "start": {
            "line": 47,
            "column": 20
          },
          "end": {
            "line": 47,
            "column": 77
          }
        },
        "type": "cond-expr",
        "locations": [
          {
            "start": {
              "line": 47,
              "column": 51
            },
            "end": {
              "line": 47,
              "column": 66
            }
          },
          {
            "start": {
              "line": 47,
              "column": 69
            },
            "end": {
              "line": 47,
              "column": 77
            }
          }
        ],
        "line": 47
      },
      "5": {
        "loc": {
          "start": {
            "line": 49,
            "column": 8
          },
          "end": {
            "line": 51,
            "column": 9
          }
        },
        "type": "if",
        "locations": [
          {
            "start": {
              "line": 49,
              "column": 8
            },
            "end": {
              "line": 51,
              "column": 9
            }
          },
          {
            "start": {
              "line": 49,
              "column": 8
            },
            "end": {
              "line": 51,
              "column": 9
            }
          }
        ],
        "line": 49
      },
      "6": {
        "loc": {
          "start": {
            "line": 52,
            "column": 122
          },
          "end": {
            "line": 54,
            "column": 66
          }
        },
        "type": "cond-expr",
        "locations": [
          {
            "start": {
              "line": 53,
              "column": 12
            },
            "end": {
              "line": 53,
              "column": 34
            }
          },
          {
            "start": {
              "line": 54,
              "column": 12
            },
            "end": {
              "line": 54,
              "column": 66
            }
          }
        ],
        "line": 52
      }
    },
    "s": {
      "0": 4,
      "1": 4,
      "2": 4,
      "3": 4,
      "4": 4,
      "5": 4,
      "6": 4,
      "7": 4,
      "8": 0,
      "9": 4,
      "10": 4,
      "11": 4,
      "12": 0,
      "13": 0,
      "14": 0,
      "15": 0,
      "16": 0,
      "17": 0,
      "18": 0,
      "19": 0,
      "20": 0,
      "21": 0,
      "22": 0,
      "23": 4,
      "24": 8,
      "25": 0,
      "26": 0,
      "27": 0,
      "28": 0,
      "29": 0,
      "30": 0,
      "31": 0,
      "32": 0,
      "33": 0,
      "34": 4
    },
    "f": {
      "0": 4,
      "1": 4,
      "2": 0,
      "3": 8,
      "4": 0
    },
    "b": {
      "0": [
        0,
        0
      ],
      "1": [
        0,
        0
      ],
      "2": [
        0,
        0
      ],
      "3": [
        0,
        0
      ],
      "4": [
        0,
        0
      ],
      "5": [
        0,
        0
      ],
      "6": [
        0,
        0
      ]
    },
    "_coverageSchema": "332fd63041d2c1bcb487cc26dd0d5f7d97098a6c",
    "hash": "8c7061808cd1c2bcabc9b59eaaa0ce48bf445b67"
  },
  "D:\\coddoc\\pmSeries\\editor\\src\\math_extension\\mathPlugin.ts": {
    "path": "D:\\coddoc\\pmSeries\\editor\\src\\math_extension\\mathPlugin.ts",
    "statementMap": {
      "0": {
        "start": {
          "line": 2,
          "column": 0
        },
        "end": {
          "line": 2,
          "column": 62
        }
      },
      "1": {
        "start": {
          "line": 3,
          "column": 0
        },
        "end": {
          "line": 3,
          "column": 101
        }
      },
      "2": {
        "start": {
          "line": 4,
          "column": 26
        },
        "end": {
          "line": 4,
          "column": 54
        }
      },
      "3": {
        "start": {
          "line": 5,
          "column": 21
        },
        "end": {
          "line": 5,
          "column": 46
        }
      },
      "4": {
        "start": {
          "line": 6,
          "column": 0
        },
        "end": {
          "line": 6,
          "column": 80
        }
      },
      "5": {
        "start": {
          "line": 7,
          "column": 0
        },
        "end": {
          "line": 10,
          "column": 2
        }
      },
      "6": {
        "start": {
          "line": 12,
          "column": 4
        },
        "end": {
          "line": 25,
          "column": 6
        }
      },
      "7": {
        "start": {
          "line": 13,
          "column": 26
        },
        "end": {
          "line": 13,
          "column": 70
        }
      },
      "8": {
        "start": {
          "line": 14,
          "column": 8
        },
        "end": {
          "line": 16,
          "column": 9
        }
      },
      "9": {
        "start": {
          "line": 15,
          "column": 12
        },
        "end": {
          "line": 15,
          "column": 47
        }
      },
      "10": {
        "start": {
          "line": 17,
          "column": 24
        },
        "end": {
          "line": 17,
          "column": 51
        }
      },
      "11": {
        "start": {
          "line": 18,
          "column": 23
        },
        "end": {
          "line": 22,
          "column": 112
        }
      },
      "12": {
        "start": {
          "line": 22,
          "column": 56
        },
        "end": {
          "line": 22,
          "column": 109
        }
      },
      "13": {
        "start": {
          "line": 23,
          "column": 8
        },
        "end": {
          "line": 23,
          "column": 33
        }
      },
      "14": {
        "start": {
          "line": 24,
          "column": 8
        },
        "end": {
          "line": 24,
          "column": 24
        }
      },
      "15": {
        "start": {
          "line": 27,
          "column": 0
        },
        "end": {
          "line": 27,
          "column": 40
        }
      },
      "16": {
        "start": {
          "line": 28,
          "column": 0
        },
        "end": {
          "line": 64,
          "column": 3
        }
      },
      "17": {
        "start": {
          "line": 32,
          "column": 12
        },
        "end": {
          "line": 36,
          "column": 14
        }
      },
      "18": {
        "start": {
          "line": 39,
          "column": 12
        },
        "end": {
          "line": 43,
          "column": 14
        }
      },
      "19": {
        "start": {
          "line": 49,
          "column": 27
        },
        "end": {
          "line": 49,
          "column": 29
        }
      },
      "20": {
        "start": {
          "line": 50,
          "column": 16
        },
        "end": {
          "line": 52,
          "column": 17
        }
      },
      "21": {
        "start": {
          "line": 51,
          "column": 20
        },
        "end": {
          "line": 51,
          "column": 49
        }
      },
      "22": {
        "start": {
          "line": 53,
          "column": 16
        },
        "end": {
          "line": 53,
          "column": 90
        }
      },
      "23": {
        "start": {
          "line": 56,
          "column": 27
        },
        "end": {
          "line": 56,
          "column": 29
        }
      },
      "24": {
        "start": {
          "line": 57,
          "column": 16
        },
        "end": {
          "line": 59,
          "column": 17
        }
      },
      "25": {
        "start": {
          "line": 58,
          "column": 20
        },
        "end": {
          "line": 58,
          "column": 49
        }
      },
      "26": {
        "start": {
          "line": 60,
          "column": 16
        },
        "end": {
          "line": 60,
          "column": 91
        }
      }
    },
    "fnMap": {
      "0": {
        "name": "createMathView",
        "decl": {
          "start": {
            "line": 11,
            "column": 9
          },
          "end": {
            "line": 11,
            "column": 23
          }
        },
        "loc": {
          "start": {
            "line": 11,
            "column": 37
          },
          "end": {
            "line": 26,
            "column": 1
          }
        },
        "line": 11
      },
      "1": {
        "name": "(anonymous_1)",
        "decl": {
          "start": {
            "line": 12,
            "column": 11
          },
          "end": {
            "line": 12,
            "column": 12
          }
        },
        "loc": {
          "start": {
            "line": 12,
            "column": 41
          },
          "end": {
            "line": 25,
            "column": 5
          }
        },
        "line": 12
      },
      "2": {
        "name": "(anonymous_2)",
        "decl": {
          "start": {
            "line": 22,
            "column": 42
          },
          "end": {
            "line": 22,
            "column": 43
          }
        },
        "loc": {
          "start": {
            "line": 22,
            "column": 54
          },
          "end": {
            "line": 22,
            "column": 111
          }
        },
        "line": 22
      },
      "3": {
        "name": "(anonymous_3)",
        "decl": {
          "start": {
            "line": 31,
            "column": 14
          },
          "end": {
            "line": 31,
            "column": 15
          }
        },
        "loc": {
          "start": {
            "line": 31,
            "column": 42
          },
          "end": {
            "line": 37,
            "column": 9
          }
        },
        "line": 31
      },
      "4": {
        "name": "(anonymous_4)",
        "decl": {
          "start": {
            "line": 38,
            "column": 15
          },
          "end": {
            "line": 38,
            "column": 16
          }
        },
        "loc": {
          "start": {
            "line": 38,
            "column": 56
          },
          "end": {
            "line": 44,
            "column": 9
          }
        },
        "line": 38
      },
      "5": {
        "name": "(anonymous_5)",
        "decl": {
          "start": {
            "line": 48,
            "column": 27
          },
          "end": {
            "line": 48,
            "column": 28
          }
        },
        "loc": {
          "start": {
            "line": 48,
            "column": 43
          },
          "end": {
            "line": 54,
            "column": 13
          }
        },
        "line": 48
      },
      "6": {
        "name": "(anonymous_6)",
        "decl": {
          "start": {
            "line": 55,
            "column": 28
          },
          "end": {
            "line": 55,
            "column": 29
          }
        },
        "loc": {
          "start": {
            "line": 55,
            "column": 44
          },
          "end": {
            "line": 61,
            "column": 13
          }
        },
        "line": 55
      }
    },
    "branchMap": {
      "0": {
        "loc": {
          "start": {
            "line": 14,
            "column": 8
          },
          "end": {
            "line": 16,
            "column": 9
          }
        },
        "type": "if",
        "locations": [
          {
            "start": {
              "line": 14,
              "column": 8
            },
            "end": {
              "line": 16,
              "column": 9
            }
          },
          {
            "start": {
              "line": 14,
              "column": 8
            },
            "end": {
              "line": 16,
              "column": 9
            }
          }
        ],
        "line": 14
      }
    },
    "s": {
      "0": 4,
      "1": 4,
      "2": 4,
      "3": 4,
      "4": 4,
      "5": 4,
      "6": 0,
      "7": 0,
      "8": 0,
      "9": 0,
      "10": 0,
      "11": 0,
      "12": 0,
      "13": 0,
      "14": 0,
      "15": 4,
      "16": 4,
      "17": 4,
      "18": 44,
      "19": 0,
      "20": 0,
      "21": 0,
      "22": 0,
      "23": 0,
      "24": 0,
      "25": 0,
      "26": 0
    },
    "f": {
      "0": 0,
      "1": 0,
      "2": 0,
      "3": 4,
      "4": 44,
      "5": 0,
      "6": 0
    },
    "b": {
      "0": [
        0,
        0
      ]
    },
    "_coverageSchema": "332fd63041d2c1bcb487cc26dd0d5f7d97098a6c",
    "hash": "d43bd9bcad319fd08438eca447bb985c6bb82c90"
  },
  "D:\\coddoc\\pmSeries\\editor\\src\\math_extension\\mathNodeview.ts": {
    "path": "D:\\coddoc\\pmSeries\\editor\\src\\math_extension\\mathNodeview.ts",
    "statementMap": {
      "0": {
        "start": {
          "line": 2,
          "column": 0
        },
        "end": {
          "line": 2,
          "column": 62
        }
      },
      "1": {
        "start": {
          "line": 3,
          "column": 0
        },
        "end": {
          "line": 3,
          "column": 26
        }
      },
      "2": {
        "start": {
          "line": 4,
          "column": 14
        },
        "end": {
          "line": 4,
          "column": 30
        }
      },
      "3": {
        "start": {
          "line": 5,
          "column": 14
        },
        "end": {
          "line": 5,
          "column": 57
        }
      },
      "4": {
        "start": {
          "line": 6,
          "column": 29
        },
        "end": {
          "line": 6,
          "column": 60
        }
      },
      "5": {
        "start": {
          "line": 7,
          "column": 27
        },
        "end": {
          "line": 7,
          "column": 56
        }
      },
      "6": {
        "start": {
          "line": 8,
          "column": 26
        },
        "end": {
          "line": 8,
          "column": 54
        }
      },
      "7": {
        "start": {
          "line": 9,
          "column": 25
        },
        "end": {
          "line": 9,
          "column": 52
        }
      },
      "8": {
        "start": {
          "line": 10,
          "column": 30
        },
        "end": {
          "line": 10,
          "column": 62
        }
      },
      "9": {
        "start": {
          "line": 11,
          "column": 13
        },
        "end": {
          "line": 11,
          "column": 31
        }
      },
      "10": {
        "start": {
          "line": 12,
          "column": 24
        },
        "end": {
          "line": 12,
          "column": 61
        }
      },
      "11": {
        "start": {
          "line": 13,
          "column": 19
        },
        "end": {
          "line": 13,
          "column": 42
        }
      },
      "12": {
        "start": {
          "line": 14,
          "column": 20
        },
        "end": {
          "line": 14,
          "column": 52
        }
      },
      "13": {
        "start": {
          "line": 15,
          "column": 14
        },
        "end": {
          "line": 15,
          "column": 38
        }
      },
      "14": {
        "start": {
          "line": 16,
          "column": 30
        },
        "end": {
          "line": 318,
          "column": 22
        }
      },
      "15": {
        "start": {
          "line": 17,
          "column": 4
        },
        "end": {
          "line": 17,
          "column": 45
        }
      },
      "16": {
        "start": {
          "line": 19,
          "column": 8
        },
        "end": {
          "line": 19,
          "column": 49
        }
      },
      "17": {
        "start": {
          "line": 19,
          "column": 34
        },
        "end": {
          "line": 19,
          "column": 47
        }
      },
      "18": {
        "start": {
          "line": 20,
          "column": 20
        },
        "end": {
          "line": 20,
          "column": 45
        }
      },
      "19": {
        "start": {
          "line": 21,
          "column": 8
        },
        "end": {
          "line": 21,
          "column": 25
        }
      },
      "20": {
        "start": {
          "line": 22,
          "column": 8
        },
        "end": {
          "line": 22,
          "column": 36
        }
      },
      "21": {
        "start": {
          "line": 23,
          "column": 8
        },
        "end": {
          "line": 23,
          "column": 30
        }
      },
      "22": {
        "start": {
          "line": 24,
          "column": 8
        },
        "end": {
          "line": 24,
          "column": 40
        }
      },
      "23": {
        "start": {
          "line": 25,
          "column": 8
        },
        "end": {
          "line": 25,
          "column": 52
        }
      },
      "24": {
        "start": {
          "line": 26,
          "column": 8
        },
        "end": {
          "line": 26,
          "column": 44
        }
      },
      "25": {
        "start": {
          "line": 27,
          "column": 8
        },
        "end": {
          "line": 27,
          "column": 35
        }
      },
      "26": {
        "start": {
          "line": 28,
          "column": 8
        },
        "end": {
          "line": 28,
          "column": 32
        }
      },
      "27": {
        "start": {
          "line": 29,
          "column": 8
        },
        "end": {
          "line": 33,
          "column": 33
        }
      },
      "28": {
        "start": {
          "line": 34,
          "column": 8
        },
        "end": {
          "line": 34,
          "column": 81
        }
      },
      "29": {
        "start": {
          "line": 35,
          "column": 8
        },
        "end": {
          "line": 35,
          "column": 58
        }
      },
      "30": {
        "start": {
          "line": 36,
          "column": 8
        },
        "end": {
          "line": 36,
          "column": 45
        }
      },
      "31": {
        "start": {
          "line": 37,
          "column": 8
        },
        "end": {
          "line": 37,
          "column": 61
        }
      },
      "32": {
        "start": {
          "line": 38,
          "column": 8
        },
        "end": {
          "line": 38,
          "column": 45
        }
      },
      "33": {
        "start": {
          "line": 39,
          "column": 8
        },
        "end": {
          "line": 39,
          "column": 57
        }
      },
      "34": {
        "start": {
          "line": 40,
          "column": 8
        },
        "end": {
          "line": 40,
          "column": 51
        }
      },
      "35": {
        "start": {
          "line": 41,
          "column": 8
        },
        "end": {
          "line": 41,
          "column": 58
        }
      },
      "36": {
        "start": {
          "line": 42,
          "column": 8
        },
        "end": {
          "line": 42,
          "column": 51
        }
      },
      "37": {
        "start": {
          "line": 43,
          "column": 8
        },
        "end": {
          "line": 43,
          "column": 48
        }
      },
      "38": {
        "start": {
          "line": 44,
          "column": 8
        },
        "end": {
          "line": 44,
          "column": 89
        }
      },
      "39": {
        "start": {
          "line": 44,
          "column": 58
        },
        "end": {
          "line": 44,
          "column": 85
        }
      },
      "40": {
        "start": {
          "line": 45,
          "column": 8
        },
        "end": {
          "line": 45,
          "column": 27
        }
      },
      "41": {
        "start": {
          "line": 46,
          "column": 8
        },
        "end": {
          "line": 46,
          "column": 21
        }
      },
      "42": {
        "start": {
          "line": 48,
          "column": 4
        },
        "end": {
          "line": 52,
          "column": 6
        }
      },
      "43": {
        "start": {
          "line": 49,
          "column": 8
        },
        "end": {
          "line": 51,
          "column": 9
        }
      },
      "44": {
        "start": {
          "line": 50,
          "column": 12
        },
        "end": {
          "line": 50,
          "column": 35
        }
      },
      "45": {
        "start": {
          "line": 53,
          "column": 4
        },
        "end": {
          "line": 58,
          "column": 6
        }
      },
      "46": {
        "start": {
          "line": 54,
          "column": 8
        },
        "end": {
          "line": 56,
          "column": 9
        }
      },
      "47": {
        "start": {
          "line": 55,
          "column": 12
        },
        "end": {
          "line": 55,
          "column": 19
        }
      },
      "48": {
        "start": {
          "line": 57,
          "column": 8
        },
        "end": {
          "line": 57,
          "column": 35
        }
      },
      "49": {
        "start": {
          "line": 69,
          "column": 4
        },
        "end": {
          "line": 116,
          "column": 6
        }
      },
      "50": {
        "start": {
          "line": 71,
          "column": 8
        },
        "end": {
          "line": 71,
          "column": 55
        }
      },
      "51": {
        "start": {
          "line": 71,
          "column": 36
        },
        "end": {
          "line": 71,
          "column": 53
        }
      },
      "52": {
        "start": {
          "line": 72,
          "column": 22
        },
        "end": {
          "line": 72,
          "column": 46
        }
      },
      "53": {
        "start": {
          "line": 73,
          "column": 25
        },
        "end": {
          "line": 73,
          "column": 27
        }
      },
      "54": {
        "start": {
          "line": 74,
          "column": 8
        },
        "end": {
          "line": 81,
          "column": 9
        }
      },
      "55": {
        "start": {
          "line": 75,
          "column": 12
        },
        "end": {
          "line": 77,
          "column": 13
        }
      },
      "56": {
        "start": {
          "line": 76,
          "column": 16
        },
        "end": {
          "line": 76,
          "column": 59
        }
      },
      "57": {
        "start": {
          "line": 80,
          "column": 12
        },
        "end": {
          "line": 80,
          "column": 95
        }
      },
      "58": {
        "start": {
          "line": 82,
          "column": 8
        },
        "end": {
          "line": 93,
          "column": 9
        }
      },
      "59": {
        "start": {
          "line": 83,
          "column": 12
        },
        "end": {
          "line": 83,
          "column": 48
        }
      },
      "60": {
        "start": {
          "line": 84,
          "column": 12
        },
        "end": {
          "line": 89,
          "column": 13
        }
      },
      "61": {
        "start": {
          "line": 85,
          "column": 16
        },
        "end": {
          "line": 87,
          "column": 17
        }
      },
      "62": {
        "start": {
          "line": 86,
          "column": 20
        },
        "end": {
          "line": 86,
          "column": 59
        }
      },
      "63": {
        "start": {
          "line": 88,
          "column": 16
        },
        "end": {
          "line": 88,
          "column": 23
        }
      },
      "64": {
        "start": {
          "line": 92,
          "column": 12
        },
        "end": {
          "line": 92,
          "column": 51
        }
      },
      "65": {
        "start": {
          "line": 94,
          "column": 8
        },
        "end": {
          "line": 114,
          "column": 9
        }
      },
      "66": {
        "start": {
          "line": 95,
          "column": 12
        },
        "end": {
          "line": 101,
          "column": 13
        }
      },
      "67": {
        "start": {
          "line": 96,
          "column": 16
        },
        "end": {
          "line": 96,
          "column": 90
        }
      },
      "68": {
        "start": {
          "line": 97,
          "column": 16
        },
        "end": {
          "line": 97,
          "column": 114
        }
      },
      "69": {
        "start": {
          "line": 100,
          "column": 16
        },
        "end": {
          "line": 100,
          "column": 79
        }
      },
      "70": {
        "start": {
          "line": 104,
          "column": 12
        },
        "end": {
          "line": 113,
          "column": 13
        }
      },
      "71": {
        "start": {
          "line": 105,
          "column": 16
        },
        "end": {
          "line": 105,
          "column": 33
        }
      },
      "72": {
        "start": {
          "line": 106,
          "column": 16
        },
        "end": {
          "line": 108,
          "column": 17
        }
      },
      "73": {
        "start": {
          "line": 107,
          "column": 20
        },
        "end": {
          "line": 107,
          "column": 115
        }
      },
      "74": {
        "start": {
          "line": 109,
          "column": 16
        },
        "end": {
          "line": 109,
          "column": 60
        }
      },
      "75": {
        "start": {
          "line": 112,
          "column": 16
        },
        "end": {
          "line": 112,
          "column": 24
        }
      },
      "76": {
        "start": {
          "line": 115,
          "column": 8
        },
        "end": {
          "line": 115,
          "column": 23
        }
      },
      "77": {
        "start": {
          "line": 117,
          "column": 4
        },
        "end": {
          "line": 142,
          "column": 6
        }
      },
      "78": {
        "start": {
          "line": 118,
          "column": 8
        },
        "end": {
          "line": 119,
          "column": 25
        }
      },
      "79": {
        "start": {
          "line": 119,
          "column": 12
        },
        "end": {
          "line": 119,
          "column": 25
        }
      },
      "80": {
        "start": {
          "line": 120,
          "column": 8
        },
        "end": {
          "line": 120,
          "column": 24
        }
      },
      "81": {
        "start": {
          "line": 121,
          "column": 8
        },
        "end": {
          "line": 137,
          "column": 9
        }
      },
      "82": {
        "start": {
          "line": 122,
          "column": 24
        },
        "end": {
          "line": 122,
          "column": 44
        }
      },
      "83": {
        "start": {
          "line": 123,
          "column": 24
        },
        "end": {
          "line": 123,
          "column": 69
        }
      },
      "84": {
        "start": {
          "line": 124,
          "column": 12
        },
        "end": {
          "line": 136,
          "column": 13
        }
      },
      "85": {
        "start": {
          "line": 125,
          "column": 27
        },
        "end": {
          "line": 125,
          "column": 70
        }
      },
      "86": {
        "start": {
          "line": 126,
          "column": 16
        },
        "end": {
          "line": 135,
          "column": 17
        }
      },
      "87": {
        "start": {
          "line": 127,
          "column": 31
        },
        "end": {
          "line": 127,
          "column": 37
        }
      },
      "88": {
        "start": {
          "line": 127,
          "column": 46
        },
        "end": {
          "line": 127,
          "column": 52
        }
      },
      "89": {
        "start": {
          "line": 128,
          "column": 34
        },
        "end": {
          "line": 128,
          "column": 62
        }
      },
      "90": {
        "start": {
          "line": 129,
          "column": 20
        },
        "end": {
          "line": 131,
          "column": 21
        }
      },
      "91": {
        "start": {
          "line": 130,
          "column": 24
        },
        "end": {
          "line": 130,
          "column": 57
        }
      },
      "92": {
        "start": {
          "line": 132,
          "column": 20
        },
        "end": {
          "line": 134,
          "column": 119
        }
      },
      "93": {
        "start": {
          "line": 138,
          "column": 8
        },
        "end": {
          "line": 140,
          "column": 9
        }
      },
      "94": {
        "start": {
          "line": 139,
          "column": 12
        },
        "end": {
          "line": 139,
          "column": 30
        }
      },
      "95": {
        "start": {
          "line": 141,
          "column": 8
        },
        "end": {
          "line": 141,
          "column": 20
        }
      },
      "96": {
        "start": {
          "line": 143,
          "column": 4
        },
        "end": {
          "line": 155,
          "column": 6
        }
      },
      "97": {
        "start": {
          "line": 144,
          "column": 8
        },
        "end": {
          "line": 144,
          "column": 29
        }
      },
      "98": {
        "start": {
          "line": 145,
          "column": 8
        },
        "end": {
          "line": 145,
          "column": 32
        }
      },
      "99": {
        "start": {
          "line": 146,
          "column": 8
        },
        "end": {
          "line": 149,
          "column": 9
        }
      },
      "100": {
        "start": {
          "line": 147,
          "column": 12
        },
        "end": {
          "line": 147,
          "column": 40
        }
      },
      "101": {
        "start": {
          "line": 148,
          "column": 12
        },
        "end": {
          "line": 148,
          "column": 38
        }
      },
      "102": {
        "start": {
          "line": 150,
          "column": 8
        },
        "end": {
          "line": 153,
          "column": 9
        }
      },
      "103": {
        "start": {
          "line": 151,
          "column": 12
        },
        "end": {
          "line": 151,
          "column": 37
        }
      },
      "104": {
        "start": {
          "line": 152,
          "column": 12
        },
        "end": {
          "line": 152,
          "column": 35
        }
      },
      "105": {
        "start": {
          "line": 154,
          "column": 8
        },
        "end": {
          "line": 154,
          "column": 26
        }
      },
      "106": {
        "start": {
          "line": 156,
          "column": 4
        },
        "end": {
          "line": 164,
          "column": 6
        }
      },
      "107": {
        "start": {
          "line": 157,
          "column": 18
        },
        "end": {
          "line": 157,
          "column": 31
        }
      },
      "108": {
        "start": {
          "line": 158,
          "column": 19
        },
        "end": {
          "line": 158,
          "column": 36
        }
      },
      "109": {
        "start": {
          "line": 159,
          "column": 28
        },
        "end": {
          "line": 160,
          "column": 41
        }
      },
      "110": {
        "start": {
          "line": 161,
          "column": 8
        },
        "end": {
          "line": 163,
          "column": 9
        }
      },
      "111": {
        "start": {
          "line": 162,
          "column": 12
        },
        "end": {
          "line": 162,
          "column": 77
        }
      },
      "112": {
        "start": {
          "line": 165,
          "column": 4
        },
        "end": {
          "line": 186,
          "column": 6
        }
      },
      "113": {
        "start": {
          "line": 167,
          "column": 8
        },
        "end": {
          "line": 169,
          "column": 9
        }
      },
      "114": {
        "start": {
          "line": 168,
          "column": 12
        },
        "end": {
          "line": 168,
          "column": 19
        }
      },
      "115": {
        "start": {
          "line": 170,
          "column": 8
        },
        "end": {
          "line": 170,
          "column": 59
        }
      },
      "116": {
        "start": {
          "line": 171,
          "column": 8
        },
        "end": {
          "line": 185,
          "column": 9
        }
      },
      "117": {
        "start": {
          "line": 172,
          "column": 12
        },
        "end": {
          "line": 172,
          "column": 30
        }
      },
      "118": {
        "start": {
          "line": 174,
          "column": 12
        },
        "end": {
          "line": 174,
          "column": 58
        }
      },
      "119": {
        "start": {
          "line": 175,
          "column": 12
        },
        "end": {
          "line": 175,
          "column": 53
        }
      },
      "120": {
        "start": {
          "line": 176,
          "column": 21
        },
        "end": {
          "line": 176,
          "column": 60
        }
      },
      "121": {
        "start": {
          "line": 176,
          "column": 72
        },
        "end": {
          "line": 176,
          "column": 77
        }
      },
      "122": {
        "start": {
          "line": 176,
          "column": 95
        },
        "end": {
          "line": 176,
          "column": 106
        }
      },
      "123": {
        "start": {
          "line": 177,
          "column": 26
        },
        "end": {
          "line": 177,
          "column": 68
        }
      },
      "124": {
        "start": {
          "line": 178,
          "column": 12
        },
        "end": {
          "line": 184,
          "column": 15
        }
      },
      "125": {
        "start": {
          "line": 187,
          "column": 4
        },
        "end": {
          "line": 192,
          "column": 6
        }
      },
      "126": {
        "start": {
          "line": 188,
          "column": 8
        },
        "end": {
          "line": 188,
          "column": 62
        }
      },
      "127": {
        "start": {
          "line": 189,
          "column": 8
        },
        "end": {
          "line": 191,
          "column": 9
        }
      },
      "128": {
        "start": {
          "line": 190,
          "column": 12
        },
        "end": {
          "line": 190,
          "column": 31
        }
      },
      "129": {
        "start": {
          "line": 193,
          "column": 4
        },
        "end": {
          "line": 197,
          "column": 6
        }
      },
      "130": {
        "start": {
          "line": 194,
          "column": 8
        },
        "end": {
          "line": 196,
          "column": 57
        }
      },
      "131": {
        "start": {
          "line": 198,
          "column": 4
        },
        "end": {
          "line": 200,
          "column": 6
        }
      },
      "132": {
        "start": {
          "line": 199,
          "column": 8
        },
        "end": {
          "line": 199,
          "column": 20
        }
      },
      "133": {
        "start": {
          "line": 201,
          "column": 4
        },
        "end": {
          "line": 266,
          "column": 6
        }
      },
      "134": {
        "start": {
          "line": 202,
          "column": 20
        },
        "end": {
          "line": 202,
          "column": 24
        }
      },
      "135": {
        "start": {
          "line": 204,
          "column": 8
        },
        "end": {
          "line": 206,
          "column": 9
        }
      },
      "136": {
        "start": {
          "line": 205,
          "column": 12
        },
        "end": {
          "line": 205,
          "column": 56
        }
      },
      "137": {
        "start": {
          "line": 207,
          "column": 8
        },
        "end": {
          "line": 254,
          "column": 11
        }
      },
      "138": {
        "start": {
          "line": 213,
          "column": 28
        },
        "end": {
          "line": 215,
          "column": 29
        }
      },
      "139": {
        "start": {
          "line": 214,
          "column": 32
        },
        "end": {
          "line": 214,
          "column": 68
        }
      },
      "140": {
        "start": {
          "line": 216,
          "column": 28
        },
        "end": {
          "line": 216,
          "column": 40
        }
      },
      "141": {
        "start": {
          "line": 219,
          "column": 28
        },
        "end": {
          "line": 221,
          "column": 29
        }
      },
      "142": {
        "start": {
          "line": 220,
          "column": 32
        },
        "end": {
          "line": 220,
          "column": 45
        }
      },
      "143": {
        "start": {
          "line": 222,
          "column": 28
        },
        "end": {
          "line": 224,
          "column": 29
        }
      },
      "144": {
        "start": {
          "line": 223,
          "column": 32
        },
        "end": {
          "line": 223,
          "column": 45
        }
      },
      "145": {
        "start": {
          "line": 225,
          "column": 28
        },
        "end": {
          "line": 225,
          "column": 94
        }
      },
      "146": {
        "start": {
          "line": 226,
          "column": 28
        },
        "end": {
          "line": 226,
          "column": 52
        }
      },
      "147": {
        "start": {
          "line": 227,
          "column": 28
        },
        "end": {
          "line": 227,
          "column": 40
        }
      },
      "148": {
        "start": {
          "line": 230,
          "column": 28
        },
        "end": {
          "line": 234,
          "column": 35
        }
      },
      "149": {
        "start": {
          "line": 232,
          "column": 32
        },
        "end": {
          "line": 232,
          "column": 98
        }
      },
      "150": {
        "start": {
          "line": 233,
          "column": 32
        },
        "end": {
          "line": 233,
          "column": 56
        }
      },
      "151": {
        "start": {
          "line": 235,
          "column": 28
        },
        "end": {
          "line": 235,
          "column": 40
        }
      },
      "152": {
        "start": {
          "line": 244,
          "column": 28
        },
        "end": {
          "line": 246,
          "column": 29
        }
      },
      "153": {
        "start": {
          "line": 245,
          "column": 32
        },
        "end": {
          "line": 245,
          "column": 67
        }
      },
      "154": {
        "start": {
          "line": 247,
          "column": 28
        },
        "end": {
          "line": 247,
          "column": 40
        }
      },
      "155": {
        "start": {
          "line": 256,
          "column": 25
        },
        "end": {
          "line": 256,
          "column": 45
        }
      },
      "156": {
        "start": {
          "line": 257,
          "column": 8
        },
        "end": {
          "line": 257,
          "column": 31
        }
      },
      "157": {
        "start": {
          "line": 258,
          "column": 22
        },
        "end": {
          "line": 258,
          "column": 132
        }
      },
      "158": {
        "start": {
          "line": 259,
          "column": 8
        },
        "end": {
          "line": 261,
          "column": 9
        }
      },
      "159": {
        "start": {
          "line": 260,
          "column": 12
        },
        "end": {
          "line": 260,
          "column": 100
        }
      },
      "160": {
        "start": {
          "line": 262,
          "column": 28
        },
        "end": {
          "line": 262,
          "column": 80
        }
      },
      "161": {
        "start": {
          "line": 263,
          "column": 23
        },
        "end": {
          "line": 263,
          "column": 81
        }
      },
      "162": {
        "start": {
          "line": 264,
          "column": 8
        },
        "end": {
          "line": 264,
          "column": 128
        }
      },
      "163": {
        "start": {
          "line": 265,
          "column": 8
        },
        "end": {
          "line": 265,
          "column": 30
        }
      },
      "164": {
        "start": {
          "line": 267,
          "column": 4
        },
        "end": {
          "line": 285,
          "column": 6
        }
      },
      "165": {
        "start": {
          "line": 268,
          "column": 8
        },
        "end": {
          "line": 268,
          "column": 49
        }
      },
      "166": {
        "start": {
          "line": 268,
          "column": 33
        },
        "end": {
          "line": 268,
          "column": 47
        }
      },
      "167": {
        "start": {
          "line": 269,
          "column": 8
        },
        "end": {
          "line": 272,
          "column": 9
        }
      },
      "168": {
        "start": {
          "line": 270,
          "column": 12
        },
        "end": {
          "line": 270,
          "column": 37
        }
      },
      "169": {
        "start": {
          "line": 271,
          "column": 12
        },
        "end": {
          "line": 271,
          "column": 39
        }
      },
      "170": {
        "start": {
          "line": 273,
          "column": 8
        },
        "end": {
          "line": 275,
          "column": 9
        }
      },
      "171": {
        "start": {
          "line": 274,
          "column": 12
        },
        "end": {
          "line": 274,
          "column": 30
        }
      },
      "172": {
        "start": {
          "line": 276,
          "column": 17
        },
        "end": {
          "line": 276,
          "column": 56
        }
      },
      "173": {
        "start": {
          "line": 276,
          "column": 68
        },
        "end": {
          "line": 276,
          "column": 73
        }
      },
      "174": {
        "start": {
          "line": 276,
          "column": 91
        },
        "end": {
          "line": 276,
          "column": 102
        }
      },
      "175": {
        "start": {
          "line": 277,
          "column": 8
        },
        "end": {
          "line": 283,
          "column": 11
        }
      },
      "176": {
        "start": {
          "line": 284,
          "column": 8
        },
        "end": {
          "line": 284,
          "column": 31
        }
      },
      "177": {
        "start": {
          "line": 286,
          "column": 4
        },
        "end": {
          "line": 316,
          "column": 6
        }
      },
      "178": {
        "start": {
          "line": 287,
          "column": 8
        },
        "end": {
          "line": 288,
          "column": 19
        }
      },
      "179": {
        "start": {
          "line": 288,
          "column": 12
        },
        "end": {
          "line": 288,
          "column": 19
        }
      },
      "180": {
        "start": {
          "line": 290,
          "column": 8
        },
        "end": {
          "line": 298,
          "column": 9
        }
      },
      "181": {
        "start": {
          "line": 292,
          "column": 21
        },
        "end": {
          "line": 292,
          "column": 60
        }
      },
      "182": {
        "start": {
          "line": 292,
          "column": 72
        },
        "end": {
          "line": 292,
          "column": 77
        }
      },
      "183": {
        "start": {
          "line": 292,
          "column": 95
        },
        "end": {
          "line": 292,
          "column": 106
        }
      },
      "184": {
        "start": {
          "line": 293,
          "column": 12
        },
        "end": {
          "line": 293,
          "column": 59
        }
      },
      "185": {
        "start": {
          "line": 294,
          "column": 12
        },
        "end": {
          "line": 297,
          "column": 16
        }
      },
      "186": {
        "start": {
          "line": 299,
          "column": 17
        },
        "end": {
          "line": 299,
          "column": 58
        }
      },
      "187": {
        "start": {
          "line": 299,
          "column": 68
        },
        "end": {
          "line": 299,
          "column": 76
        }
      },
      "188": {
        "start": {
          "line": 299,
          "column": 93
        },
        "end": {
          "line": 299,
          "column": 108
        }
      },
      "189": {
        "start": {
          "line": 300,
          "column": 8
        },
        "end": {
          "line": 300,
          "column": 42
        }
      },
      "190": {
        "start": {
          "line": 301,
          "column": 8
        },
        "end": {
          "line": 315,
          "column": 9
        }
      },
      "191": {
        "start": {
          "line": 302,
          "column": 26
        },
        "end": {
          "line": 302,
          "column": 49
        }
      },
      "192": {
        "start": {
          "line": 302,
          "column": 63
        },
        "end": {
          "line": 302,
          "column": 120
        }
      },
      "193": {
        "start": {
          "line": 303,
          "column": 12
        },
        "end": {
          "line": 311,
          "column": 13
        }
      },
      "194": {
        "start": {
          "line": 304,
          "column": 28
        },
        "end": {
          "line": 304,
          "column": 49
        }
      },
      "195": {
        "start": {
          "line": 305,
          "column": 16
        },
        "end": {
          "line": 310,
          "column": 17
        }
      },
      "196": {
        "start": {
          "line": 306,
          "column": 33
        },
        "end": {
          "line": 306,
          "column": 56
        }
      },
      "197": {
        "start": {
          "line": 307,
          "column": 20
        },
        "end": {
          "line": 308,
          "column": 54
        }
      },
      "198": {
        "start": {
          "line": 308,
          "column": 24
        },
        "end": {
          "line": 308,
          "column": 54
        }
      },
      "199": {
        "start": {
          "line": 309,
          "column": 20
        },
        "end": {
          "line": 309,
          "column": 41
        }
      },
      "200": {
        "start": {
          "line": 312,
          "column": 12
        },
        "end": {
          "line": 314,
          "column": 13
        }
      },
      "201": {
        "start": {
          "line": 313,
          "column": 16
        },
        "end": {
          "line": 313,
          "column": 49
        }
      },
      "202": {
        "start": {
          "line": 317,
          "column": 4
        },
        "end": {
          "line": 317,
          "column": 20
        }
      },
      "203": {
        "start": {
          "line": 319,
          "column": 0
        },
        "end": {
          "line": 319,
          "column": 28
        }
      }
    },
    "fnMap": {
      "0": {
        "name": "(anonymous_0)",
        "decl": {
          "start": {
            "line": 16,
            "column": 30
          },
          "end": {
            "line": 16,
            "column": 31
          }
        },
        "loc": {
          "start": {
            "line": 16,
            "column": 48
          },
          "end": {
            "line": 318,
            "column": 1
          }
        },
        "line": 16
      },
      "1": {
        "name": "MathView",
        "decl": {
          "start": {
            "line": 18,
            "column": 13
          },
          "end": {
            "line": 18,
            "column": 21
          }
        },
        "loc": {
          "start": {
            "line": 18,
            "column": 95
          },
          "end": {
            "line": 47,
            "column": 5
          }
        },
        "line": 18
      },
      "2": {
        "name": "(anonymous_2)",
        "decl": {
          "start": {
            "line": 44,
            "column": 44
          },
          "end": {
            "line": 44,
            "column": 45
          }
        },
        "loc": {
          "start": {
            "line": 44,
            "column": 56
          },
          "end": {
            "line": 44,
            "column": 87
          }
        },
        "line": 44
      },
      "3": {
        "name": "(anonymous_3)",
        "decl": {
          "start": {
            "line": 48,
            "column": 37
          },
          "end": {
            "line": 48,
            "column": 38
          }
        },
        "loc": {
          "start": {
            "line": 48,
            "column": 49
          },
          "end": {
            "line": 52,
            "column": 5
          }
        },
        "line": 48
      },
      "4": {
        "name": "(anonymous_4)",
        "decl": {
          "start": {
            "line": 53,
            "column": 36
          },
          "end": {
            "line": 53,
            "column": 37
          }
        },
        "loc": {
          "start": {
            "line": 53,
            "column": 48
          },
          "end": {
            "line": 58,
            "column": 5
          }
        },
        "line": 53
      },
      "5": {
        "name": "(anonymous_5)",
        "decl": {
          "start": {
            "line": 69,
            "column": 37
          },
          "end": {
            "line": 69,
            "column": 38
          }
        },
        "loc": {
          "start": {
            "line": 69,
            "column": 76
          },
          "end": {
            "line": 116,
            "column": 5
          }
        },
        "line": 69
      },
      "6": {
        "name": "(anonymous_6)",
        "decl": {
          "start": {
            "line": 117,
            "column": 32
          },
[...]
          "start": {
            "line": 34,
            "column": 47
          },
          "end": {
            "line": 34,
            "column": 48
          }
        },
        "loc": {
          "start": {
            "line": 34,
            "column": 80
          },
          "end": {
            "line": 40,
            "column": 13
          }
        },
        "line": 34
      },
      "6": {
        "name": "(anonymous_6)",
        "decl": {
          "start": {
            "line": 42,
            "column": 15
          },
          "end": {
            "line": 42,
            "column": 16
          }
        },
        "loc": {
          "start": {
            "line": 42,
            "column": 27
          },
          "end": {
            "line": 44,
            "column": 9
          }
        },
        "line": 42
      },
      "7": {
        "name": "(anonymous_7)",
        "decl": {
          "start": {
            "line": 51,
            "column": 10
          },
          "end": {
            "line": 51,
            "column": 11
          }
        },
        "loc": {
          "start": {
            "line": 51,
            "column": 24
          },
          "end": {
            "line": 57,
            "column": 1
          }
        },
        "line": 51
      },
      "8": {
        "name": "(anonymous_8)",
        "decl": {
          "start": {
            "line": 53,
            "column": 12
          },
          "end": {
            "line": 53,
            "column": 13
          }
        },
        "loc": {
          "start": {
            "line": 53,
            "column": 24
          },
          "end": {
            "line": 53,
            "column": 27
          }
        },
        "line": 53
      },
      "9": {
        "name": "selectSvg",
        "decl": {
          "start": {
            "line": 58,
            "column": 9
          },
          "end": {
            "line": 58,
            "column": 18
          }
        },
        "loc": {
          "start": {
            "line": 58,
            "column": 25
          },
          "end": {
            "line": 65,
            "column": 1
          }
        },
        "line": 58
      },
      "10": {
        "name": "(anonymous_10)",
        "decl": {
          "start": {
            "line": 78,
            "column": 12
          },
          "end": {
            "line": 78,
            "column": 13
          }
        },
        "loc": {
          "start": {
            "line": 78,
            "column": 26
          },
          "end": {
            "line": 112,
            "column": 1
          }
        },
        "line": 78
      },
      "11": {
        "name": "(anonymous_11)",
        "decl": {
          "start": {
            "line": 86,
            "column": 12
          },
          "end": {
            "line": 86,
            "column": 13
          }
        },
        "loc": {
          "start": {
            "line": 86,
            "column": 28
          },
          "end": {
            "line": 108,
            "column": 13
          }
        },
        "line": 86
      },
      "12": {
        "name": "(anonymous_12)",
        "decl": {
          "start": {
            "line": 86,
            "column": 84
          },
          "end": {
            "line": 86,
            "column": 85
          }
        },
        "loc": {
          "start": {
            "line": 86,
            "column": 96
          },
          "end": {
            "line": 108,
            "column": 9
          }
        },
        "line": 86
      },
      "13": {
        "name": "(anonymous_13)",
        "decl": {
          "start": {
            "line": 87,
            "column": 50
          },
          "end": {
            "line": 87,
            "column": 51
          }
        },
        "loc": {
          "start": {
            "line": 87,
            "column": 64
          },
          "end": {
            "line": 107,
            "column": 13
          }
        },
        "line": 87
      },
      "14": {
        "name": "(anonymous_14)",
        "decl": {
          "start": {
            "line": 92,
            "column": 74
          },
          "end": {
            "line": 92,
            "column": 75
          }
        },
        "loc": {
          "start": {
            "line": 92,
            "column": 86
          },
          "end": {
            "line": 102,
            "column": 33
          }
        },
        "line": 92
      },
      "15": {
        "name": "(anonymous_15)",
        "decl": {
          "start": {
            "line": 92,
            "column": 142
          },
          "end": {
            "line": 92,
            "column": 143
          }
        },
        "loc": {
          "start": {
            "line": 92,
            "column": 154
          },
          "end": {
            "line": 102,
            "column": 29
          }
        },
        "line": 92
      },
      "16": {
        "name": "(anonymous_16)",
        "decl": {
          "start": {
            "line": 93,
            "column": 70
          },
          "end": {
            "line": 93,
            "column": 71
          }
        },
        "loc": {
          "start": {
            "line": 93,
            "column": 84
          },
          "end": {
            "line": 101,
            "column": 33
          }
        },
        "line": 93
      },
      "17": {
        "name": "(anonymous_17)",
        "decl": {
          "start": {
            "line": 113,
            "column": 14
          },
          "end": {
            "line": 113,
            "column": 15
          }
        },
        "loc": {
          "start": {
            "line": 113,
            "column": 28
          },
          "end": {
            "line": 116,
            "column": 1
          }
        },
        "line": 113
      }
    },
    "branchMap": {
      "0": {
        "loc": {
          "start": {
            "line": 27,
            "column": 16
          },
          "end": {
            "line": 27,
            "column": 52
          }
        },
        "type": "if",
        "locations": [
          {
            "start": {
              "line": 27,
              "column": 16
            },
            "end": {
              "line": 27,
              "column": 52
            }
          },
          {
            "start": {
              "line": 27,
              "column": 16
            },
            "end": {
              "line": 27,
              "column": 52
            }
          }
        ],
        "line": 27
      },
      "1": {
        "loc": {
          "start": {
            "line": 28,
            "column": 16
          },
          "end": {
            "line": 28,
            "column": 54
          }
        },
        "type": "if",
        "locations": [
          {
            "start": {
              "line": 28,
              "column": 16
            },
            "end": {
              "line": 28,
              "column": 54
            }
          },
          {
            "start": {
              "line": 28,
              "column": 16
            },
            "end": {
              "line": 28,
              "column": 54
            }
          }
        ],
        "line": 28
      },
      "2": {
        "loc": {
          "start": {
            "line": 35,
            "column": 16
          },
          "end": {
            "line": 35,
            "column": 54
          }
        },
        "type": "if",
        "locations": [
          {
            "start": {
              "line": 35,
              "column": 16
            },
            "end": {
              "line": 35,
              "column": 54
            }
          },
          {
            "start": {
              "line": 35,
              "column": 16
            },
            "end": {
              "line": 35,
              "column": 54
            }
          }
        ],
        "line": 35
      },
      "3": {
        "loc": {
          "start": {
            "line": 56,
            "column": 73
          },
          "end": {
            "line": 56,
            "column": 192
          }
        },
        "type": "binary-expr",
        "locations": [
          {
            "start": {
              "line": 56,
              "column": 73
            },
            "end": {
              "line": 56,
              "column": 82
            }
          },
          {
            "start": {
              "line": 56,
              "column": 86
            },
            "end": {
              "line": 56,
              "column": 192
            }
          }
        ],
        "line": 56
      },
      "4": {
        "loc": {
          "start": {
            "line": 56,
            "column": 194
          },
          "end": {
            "line": 56,
            "column": 321
          }
        },
        "type": "binary-expr",
        "locations": [
          {
            "start": {
              "line": 56,
              "column": 194
            },
            "end": {
              "line": 56,
              "column": 205
            }
          },
          {
            "start": {
              "line": 56,
              "column": 209
            },
            "end": {
              "line": 56,
              "column": 321
            }
          }
        ],
        "line": 56
      },
      "5": {
        "loc": {
          "start": {
            "line": 59,
            "column": 4
          },
          "end": {
            "line": 64,
            "column": 5
          }
        },
        "type": "switch",
        "locations": [
          {
            "start": {
              "line": 60,
              "column": 8
            },
            "end": {
              "line": 60,
              "column": 44
            }
          },
          {
            "start": {
              "line": 61,
              "column": 8
            },
            "end": {
              "line": 61,
              "column": 48
            }
          },
          {
            "start": {
              "line": 62,
              "column": 8
            },
            "end": {
              "line": 62,
              "column": 49
            }
          },
          {
            "start": {
              "line": 63,
              "column": 8
            },
            "end": {
              "line": 63,
              "column": 48
            }
          }
        ],
        "line": 59
      },
      "6": {
        "loc": {
          "start": {
            "line": 88,
            "column": 16
          },
          "end": {
            "line": 106,
            "column": 17
          }
        },
        "type": "switch",
        "locations": [
          {
            "start": {
              "line": 89,
              "column": 20
            },
            "end": {
              "line": 89,
              "column": 77
            }
          },
          {
            "start": {
              "line": 90,
              "column": 20
            },
            "end": {
              "line": 102,
              "column": 43
            }
          },
          {
            "start": {
              "line": 103,
              "column": 20
            },
            "end": {
              "line": 105,
              "column": 46
            }
          }
        ],
        "line": 88
      },
      "7": {
        "loc": {
          "start": {
            "line": 94,
            "column": 36
          },
          "end": {
            "line": 100,
            "column": 37
          }
        },
        "type": "switch",
        "locations": [
          {
            "start": {
              "line": 95,
              "column": 40
            },
            "end": {
              "line": 95,
              "column": 91
            }
          },
          {
            "start": {
              "line": 96,
              "column": 40
            },
            "end": {
              "line": 99,
              "column": 66
            }
          }
        ],
        "line": 94
      }
    },
    "s": {
      "0": 4,
      "1": 4,
      "2": 4,
      "3": 4,
      "4": 4,
      "5": 4,
      "6": 4,
      "7": 4,
      "8": 4,
      "9": 4,
      "10": 4,
      "11": 4,
      "12": 4,
      "13": 4,
      "14": 4,
      "15": 4,
      "16": 4,
      "17": 4,
      "18": 4,
      "19": 4,
      "20": 4,
      "21": 4,
      "22": 4,
      "23": 4,
      "24": 4,
      "25": 4,
      "26": 4,
      "27": 0,
      "28": 4,
      "29": 0,
      "30": 4,
      "31": 4,
      "32": 0,
      "33": 0,
      "34": 0,
      "35": 0,
      "36": 0,
      "37": 0,
      "38": 0,
      "39": 0,
      "40": 0,
      "41": 0,
      "42": 0,
      "43": 0,
      "44": 0,
      "45": 0,
      "46": 4,
      "47": 0,
      "48": 4,
      "49": 4,
      "50": 4,
      "51": 4,
      "52": 4,
      "53": 4,
      "54": 4,
      "55": 4,
      "56": 4,
      "57": 4,
      "58": 4,
      "59": 4,
      "60": 4,
      "61": 4,
      "62": 4,
      "63": 4,
      "64": 4,
      "65": 0,
      "66": 0,
      "67": 0,
      "68": 0,
      "69": 0,
      "70": 4,
      "71": 0,
      "72": 0,
      "73": 0,
      "74": 0,
      "75": 0,
      "76": 0,
      "77": 0,
      "78": 0,
      "79": 0,
      "80": 0,
      "81": 0,
      "82": 0,
      "83": 0,
      "84": 0,
      "85": 0,
      "86": 0,
      "87": 0,
      "88": 0,
      "89": 0,
      "90": 0,
      "91": 0,
      "92": 0,
      "93": 4,
      "94": 0,
      "95": 0,
      "96": 0,
      "97": 0,
      "98": 4
    },
    "f": {
      "0": 4,
      "1": 0,
      "2": 0,
      "3": 4,
      "4": 0,
      "5": 0,
      "6": 0,
      "7": 4,
      "8": 0,
      "9": 0,
      "10": 0,
      "11": 0,
      "12": 0,
      "13": 0,
      "14": 0,
      "15": 0,
      "16": 0,
      "17": 0
    },
    "b": {
      "0": [
        0,
        0
      ],
      "1": [
        0,
        0
      ],
      "2": [
        0,
        0
      ],
      "3": [
        4,
        0
      ],
      "4": [
        4,
        0
      ],
      "5": [
        0,
        0,
        0,
        0
      ],
      "6": [
        0,
        0,
        0
      ],
      "7": [
        0,
        0
      ]
    },
    "_coverageSchema": "332fd63041d2c1bcb487cc26dd0d5f7d97098a6c",
    "hash": "3afeab1f8c96fe40b19c46bb68c88ef6e94b22fd"
  },
  "D:\\coddoc\\pmSeries\\editor\\src\\layer_extension\\svgIcon.tsx": {
    "path": "D:\\coddoc\\pmSeries\\editor\\src\\layer_extension\\svgIcon.tsx",
    "statementMap": {
      "0": {
        "start": {
          "line": 2,
          "column": 0
        },
        "end": {
          "line": 2,
          "column": 62
        }
      },
      "1": {
        "start": {
          "line": 3,
          "column": 0
        },
        "end": {
          "line": 3,
          "column": 80
        }
      },
      "2": {
        "start": {
          "line": 4,
          "column": 14
        },
        "end": {
          "line": 4,
          "column": 30
        }
      },
      "3": {
        "start": {
          "line": 5,
          "column": 20
        },
        "end": {
          "line": 5,
          "column": 48
        }
      },
      "4": {
        "start": {
          "line": 6,
          "column": 12
        },
        "end": {
          "line": 6,
          "column": 40
        }
      },
      "5": {
        "start": {
          "line": 7,
          "column": 21
        },
        "end": {
          "line": 7,
          "column": 46
        }
      },
      "6": {
        "start": {
          "line": 8,
          "column": 13
        },
        "end": {
          "line": 10,
          "column": 1
        }
      },
      "7": {
        "start": {
          "line": 9,
          "column": 4
        },
        "end": {
          "line": 9,
          "column": 360
        }
      },
      "8": {
        "start": {
          "line": 11,
          "column": 0
        },
        "end": {
          "line": 11,
          "column": 24
        }
      },
      "9": {
        "start": {
          "line": 12,
          "column": 15
        },
        "end": {
          "line": 14,
          "column": 1
        }
      },
      "10": {
        "start": {
          "line": 13,
          "column": 4
        },
        "end": {
          "line": 13,
          "column": 362
        }
      },
      "11": {
        "start": {
          "line": 15,
          "column": 0
        },
        "end": {
          "line": 15,
          "column": 28
        }
      },
      "12": {
        "start": {
          "line": 16,
          "column": 14
        },
        "end": {
          "line": 18,
          "column": 1
        }
      },
      "13": {
        "start": {
          "line": 17,
          "column": 4
        },
        "end": {
          "line": 17,
          "column": 361
        }
      },
      "14": {
        "start": {
          "line": 19,
          "column": 0
        },
        "end": {
          "line": 19,
          "column": 26
        }
      },
      "15": {
        "start": {
          "line": 20,
          "column": 15
        },
        "end": {
          "line": 22,
          "column": 1
        }
      },
      "16": {
        "start": {
          "line": 21,
          "column": 4
        },
        "end": {
          "line": 21,
          "column": 362
        }
      },
      "17": {
        "start": {
          "line": 23,
          "column": 0
        },
        "end": {
          "line": 23,
          "column": 28
        }
      }
    },
    "fnMap": {
      "0": {
        "name": "(anonymous_0)",
        "decl": {
          "start": {
            "line": 8,
            "column": 13
          },
          "end": {
            "line": 8,
            "column": 14
          }
        },
        "loc": {
          "start": {
            "line": 8,
            "column": 25
          },
          "end": {
            "line": 10,
            "column": 1
          }
        },
        "line": 8
      },
      "1": {
        "name": "(anonymous_1)",
        "decl": {
          "start": {
            "line": 12,
            "column": 15
          },
          "end": {
            "line": 12,
            "column": 16
          }
        },
        "loc": {
          "start": {
            "line": 12,
            "column": 27
          },
          "end": {
            "line": 14,
            "column": 1
          }
        },
        "line": 12
      },
      "2": {
        "name": "(anonymous_2)",
        "decl": {
          "start": {
            "line": 16,
            "column": 14
          },
          "end": {
            "line": 16,
            "column": 15
          }
        },
        "loc": {
          "start": {
            "line": 16,
            "column": 26
          },
          "end": {
            "line": 18,
            "column": 1
          }
        },
        "line": 16
      },
      "3": {
        "name": "(anonymous_3)",
        "decl": {
          "start": {
            "line": 20,
            "column": 15
          },
          "end": {
            "line": 20,
            "column": 16
          }
        },
        "loc": {
          "start": {
            "line": 20,
            "column": 27
          },
          "end": {
            "line": 22,
            "column": 1
          }
        },
        "line": 20
      }
    },
    "branchMap": {},
    "s": {
      "0": 4,
      "1": 4,
      "2": 4,
      "3": 4,
      "4": 4,
      "5": 4,
      "6": 4,
      "7": 0,
      "8": 4,
      "9": 4,
      "10": 0,
      "11": 4,
      "12": 4,
      "13": 0,
      "14": 4,
      "15": 4,
      "16": 0,
      "17": 4
    },
    "f": {
      "0": 0,
      "1": 0,
      "2": 0,
      "3": 0
    },
    "b": {},
    "_coverageSchema": "332fd63041d2c1bcb487cc26dd0d5f7d97098a6c",
    "hash": "1ad9a5e7e5c4b81f7cf32d7c42aacfd9423ae7e0"
  }
}